This file contains any messages produced by compilers while
running configure, to aid debugging if configure makes a mistake.

It was created by ICU configure 78.1, which was
generated by GNU Autoconf 2.72.  Invocation command line was

  $ ./icu4c/source/configure --prefix=/home/davidoro/projects/Lit.jl/net-layer/third/icu-release-78.1/../../../local/build/icu-release-78.1 --enable-static CFLAGS=-fPIC CXXFLAGS=-fPIC

## --------- ##
## Platform. ##
## --------- ##

hostname = davidoro-acer
uname -m = x86_64
uname -r = 6.11.0-29-generic
uname -s = Linux
uname -v = #29-Ubuntu SMP PREEMPT_DYNAMIC Fri Jun 13 20:29:41 UTC 2025

/usr/bin/uname -p = x86_64
/bin/uname -X     = unknown

/bin/arch              = x86_64
/usr/bin/arch -k       = unknown
/usr/convex/getsysinfo = unknown
/usr/bin/hostinfo      = unknown
/bin/machine           = unknown
/usr/bin/oslevel       = unknown
/bin/universe          = unknown

PATH: /home/davidoro/opt/android-sdk/emulator/
PATH: /home/davidoro/opt/android-sdk/cmdline-tools/cmdline-tools/bin/
PATH: /home/davidoro/opt/android-sdk/cmdline-tools/cmdline-tools/bin/
PATH: /home/davidoro/.juliaup/bin/
PATH: /usr/local/sbin/
PATH: /usr/local/bin/
PATH: /usr/sbin/
PATH: /usr/bin/
PATH: /sbin/
PATH: /bin/
PATH: /usr/games/
PATH: /usr/local/games/
PATH: /snap/bin/


## ----------- ##
## Core tests. ##
## ----------- ##

configure:2971: looking for aux files: install-sh config.guess config.sub
configure:2984:  trying ./icu4c/source/
configure:2995:   ./icu4c/source/install-sh found
configure:3013:   ./icu4c/source/config.guess found
configure:3013:   ./icu4c/source/config.sub found
configure:3136: checking for ICU version numbers
configure:3169: result: release 78.1, library 78.1, unicode version 17.0
configure:3182: checking build system type
configure:3198: result: x86_64-pc-linux-gnu
configure:3218: checking host system type
configure:3233: result: x86_64-pc-linux-gnu
configure:3293: checking whether to build debug libraries
configure:3306: result: no
configure:3311: checking whether to build release libraries
configure:3324: result: yes
configure:3402: checking for cc
configure:3423: found /usr/bin/cc
configure:3435: result: cc
configure:3466: checking for C compiler version
configure:3475: cc --version >&5
cc (Ubuntu 11.5.0-1ubuntu1) 11.5.0
Copyright (C) 2021 Free Software Foundation, Inc.
This is free software; see the source for copying conditions.  There is NO
warranty; not even for MERCHANTABILITY or FITNESS FOR A PARTICULAR PURPOSE.

configure:3486: $? = 0
configure:3475: cc -v >&5
Using built-in specs.
COLLECT_GCC=cc
COLLECT_LTO_WRAPPER=/usr/lib/gcc/x86_64-linux-gnu/11/lto-wrapper
OFFLOAD_TARGET_NAMES=nvptx-none:amdgcn-amdhsa
OFFLOAD_TARGET_DEFAULT=1
Target: x86_64-linux-gnu
Configured with: ../src/configure -v --with-pkgversion='Ubuntu 11.5.0-1ubuntu1' --with-bugurl=file:///usr/share/doc/gcc-11/README.Bugs --enable-languages=c,ada,c++,go,brig,d,fortran,objc,obj-c++,m2 --prefix=/usr --with-gcc-major-version-only --program-suffix=-11 --program-prefix=x86_64-linux-gnu- --enable-shared --enable-linker-build-id --libexecdir=/usr/lib --without-included-gettext --enable-threads=posix --libdir=/usr/lib --enable-nls --enable-bootstrap --enable-clocale=gnu --enable-libstdcxx-debug --enable-libstdcxx-time=yes --with-default-libstdcxx-abi=new --enable-gnu-unique-object --disable-vtable-verify --enable-plugin --enable-default-pie --with-system-zlib --enable-libphobos-checking=release --with-target-system-zlib=auto --enable-objc-gc=auto --enable-multiarch --disable-werror --enable-cet --with-arch-32=i686 --with-abi=m64 --with-multilib-list=m32,m64,mx32 --enable-multilib --with-tune=generic --enable-offload-targets=nvptx-none=/build/gcc-11-1AL19a/gcc-11-11.5.0/debian/tmp-nvptx/usr,amdgcn-amdhsa=/build/gcc-11-1AL19a/gcc-11-11.5.0/debian/tmp-gcn/usr --without-cuda-driver --enable-checking=release --build=x86_64-linux-gnu --host=x86_64-linux-gnu --target=x86_64-linux-gnu --with-build-config=bootstrap-lto-lean --enable-link-serialization=2
Thread model: posix
Supported LTO compression algorithms: zlib zstd
gcc version 11.5.0 (Ubuntu 11.5.0-1ubuntu1) 
... rest of stderr output deleted ...
configure:3486: $? = 0
configure:3475: cc -V >&5
cc: error: unrecognized command-line option '-V'
cc: fatal error: no input files
compilation terminated.
configure:3486: $? = 1
configure:3475: cc -qversion >&5
cc: error: unrecognized command-line option '-qversion'; did you mean '--version'?
cc: fatal error: no input files
compilation terminated.
configure:3486: $? = 1
configure:3475: cc -version >&5
cc: error: unrecognized command-line option '-version'
cc: fatal error: no input files
compilation terminated.
configure:3486: $? = 1
configure:3506: checking whether the C compiler works
configure:3528: cc -fPIC   conftest.c  >&5
configure:3532: $? = 0
configure:3583: result: yes
configure:3587: checking for C compiler default output file name
configure:3589: result: a.out
configure:3595: checking for suffix of executables
configure:3602: cc -o conftest -fPIC   conftest.c  >&5
configure:3606: $? = 0
configure:3630: result: 
configure:3654: checking whether we are cross compiling
configure:3662: cc -o conftest -fPIC   conftest.c  >&5
configure:3666: $? = 0
configure:3673: ./conftest
configure:3677: $? = 0
configure:3692: result: no
configure:3698: checking for suffix of object files
configure:3721: cc -c -fPIC  conftest.c >&5
configure:3725: $? = 0
configure:3749: result: o
configure:3753: checking whether the compiler supports GNU C
configure:3773: cc -c -fPIC  conftest.c >&5
configure:3773: $? = 0
configure:3785: result: yes
configure:3796: checking whether cc accepts -g
configure:3817: cc -c -g  conftest.c >&5
configure:3817: $? = 0
configure:3864: result: yes
configure:3884: checking for cc option to enable C11 features
configure:3899: cc  -c -fPIC  conftest.c >&5
configure:3899: $? = 0
configure:3918: result: none needed
configure:4106: checking for c++
configure:4127: found /usr/bin/c++
configure:4139: result: c++
configure:4166: checking for C++ compiler version
configure:4175: c++ --version >&5
c++ (Ubuntu 14.2.0-4ubuntu2) 14.2.0
Copyright (C) 2024 Free Software Foundation, Inc.
This is free software; see the source for copying conditions.  There is NO
warranty; not even for MERCHANTABILITY or FITNESS FOR A PARTICULAR PURPOSE.

configure:4186: $? = 0
configure:4175: c++ -v >&5
Using built-in specs.
COLLECT_GCC=c++
COLLECT_LTO_WRAPPER=/usr/libexec/gcc/x86_64-linux-gnu/14/lto-wrapper
OFFLOAD_TARGET_NAMES=nvptx-none:amdgcn-amdhsa
OFFLOAD_TARGET_DEFAULT=1
Target: x86_64-linux-gnu
Configured with: ../src/configure -v --with-pkgversion='Ubuntu 14.2.0-4ubuntu2' --with-bugurl=file:///usr/share/doc/gcc-14/README.Bugs --enable-languages=c,ada,c++,go,d,fortran,objc,obj-c++,m2,rust --prefix=/usr --with-gcc-major-version-only --program-suffix=-14 --program-prefix=x86_64-linux-gnu- --enable-shared --enable-linker-build-id --libexecdir=/usr/libexec --without-included-gettext --enable-threads=posix --libdir=/usr/lib --enable-nls --enable-bootstrap --enable-clocale=gnu --enable-libstdcxx-debug --enable-libstdcxx-time=yes --with-default-libstdcxx-abi=new --enable-libstdcxx-backtrace --enable-gnu-unique-object --disable-vtable-verify --enable-plugin --enable-default-pie --with-system-zlib --enable-libphobos-checking=release --with-target-system-zlib=auto --enable-objc-gc=auto --enable-multiarch --disable-werror --enable-cet --with-arch-32=i686 --with-abi=m64 --with-multilib-list=m32,m64,mx32 --enable-multilib --with-tune=generic --enable-offload-targets=nvptx-none=/build/gcc-14-zdkDXv/gcc-14-14.2.0/debian/tmp-nvptx/usr,amdgcn-amdhsa=/build/gcc-14-zdkDXv/gcc-14-14.2.0/debian/tmp-gcn/usr --enable-offload-defaulted --without-cuda-driver --enable-checking=release --build=x86_64-linux-gnu --host=x86_64-linux-gnu --target=x86_64-linux-gnu --with-build-config=bootstrap-lto-lean --enable-link-serialization=2
Thread model: posix
Supported LTO compression algorithms: zlib zstd
gcc version 14.2.0 (Ubuntu 14.2.0-4ubuntu2) 
... rest of stderr output deleted ...
configure:4186: $? = 0
configure:4175: c++ -V >&5
c++: error: unrecognized command-line option '-V'
c++: fatal error: no input files
compilation terminated.
configure:4186: $? = 1
configure:4175: c++ -qversion >&5
c++: error: unrecognized command-line option '-qversion'; did you mean '--version'?
c++: fatal error: no input files
compilation terminated.
configure:4186: $? = 1
configure:4190: checking whether the compiler supports GNU C++
configure:4210: c++ -c -fPIC  conftest.cpp >&5
configure:4210: $? = 0
configure:4222: result: yes
configure:4233: checking whether c++ accepts -g
configure:4254: c++ -c -g  conftest.cpp >&5
configure:4254: $? = 0
configure:4301: result: yes
configure:4321: checking for c++ option to enable C++11 features
configure:4336: c++  -c -fPIC  conftest.cpp >&5
conftest.cpp: In function 'int main(int, char**)':
conftest.cpp:175:25: warning: empty parentheses were disambiguated as a function declaration [-Wvexing-parse]
  175 |   cxx11test::delegate d2();
      |                         ^~
conftest.cpp:175:25: note: remove parentheses to default-initialize a variable
  175 |   cxx11test::delegate d2();
      |                         ^~
      |                         --
conftest.cpp:175:25: note: or replace parentheses with braces to value-initialize a variable
configure:4336: $? = 0
configure:4355: result: none needed
configure:4425: versions of the compilers used:
configure:4494: checking for pkg-config
configure:4517: found /usr/bin/pkg-config
configure:4530: result: /usr/bin/pkg-config
configure:4555: checking pkg-config is at least version 0.20
configure:4558: result: yes
configure:4568: checking for icu-le-hb
configure:4575: $PKG_CONFIG --exists --print-errors "icu-le-hb"
Package icu-le-hb was not found in the pkg-config search path.
Perhaps you should add the directory containing `icu-le-hb.pc'
to the PKG_CONFIG_PATH environment variable
Package 'icu-le-hb', required by 'virtual:world', not found
configure:4578: $? = 1
configure:4592: $PKG_CONFIG --exists --print-errors "icu-le-hb"
Package icu-le-hb was not found in the pkg-config search path.
Perhaps you should add the directory containing `icu-le-hb.pc'
to the PKG_CONFIG_PATH environment variable
Package 'icu-le-hb', required by 'virtual:world', not found
configure:4595: $? = 1
configure:4609: result: no
Package 'icu-le-hb', required by 'virtual:world', not found
configure:4662: checking if we have a C11 compiler
configure:4676: cc -c -fPIC -std=c11  conftest.c >&5
configure:4676: $? = 0
configure:4684: result: yes
configure:4687: Adding CFLAGS option -std=c11
configure:4701: checking how to run the C preprocessor
configure:4727: cc -E  conftest.c
configure:4727: $? = 0
configure:4743: cc -E  conftest.c
conftest.c:9:10: fatal error: ac_nonexistent.h: No such file or directory
    9 | #include <ac_nonexistent.h>
      |          ^~~~~~~~~~~~~~~~~~
compilation terminated.
configure:4743: $? = 1
configure: failed program was:
| /* confdefs.h */
| #define PACKAGE_NAME "ICU"
| #define PACKAGE_TARNAME "icu4c"
| #define PACKAGE_VERSION "78.1"
| #define PACKAGE_STRING "ICU 78.1"
| #define PACKAGE_BUGREPORT "https://icu.unicode.org/bugs"
| #define PACKAGE_URL "https://icu.unicode.org/"
| /* end confdefs.h.  */
| #include <ac_nonexistent.h>
configure:4772: result: cc -E
configure:4786: cc -E  conftest.c
configure:4786: $? = 0
configure:4802: cc -E  conftest.c
conftest.c:9:10: fatal error: ac_nonexistent.h: No such file or directory
    9 | #include <ac_nonexistent.h>
      |          ^~~~~~~~~~~~~~~~~~
compilation terminated.
configure:4802: $? = 1
configure: failed program was:
| /* confdefs.h */
| #define PACKAGE_NAME "ICU"
| #define PACKAGE_TARNAME "icu4c"
| #define PACKAGE_VERSION "78.1"
| #define PACKAGE_STRING "ICU 78.1"
| #define PACKAGE_BUGREPORT "https://icu.unicode.org/bugs"
| #define PACKAGE_URL "https://icu.unicode.org/"
| /* end confdefs.h.  */
| #include <ac_nonexistent.h>
configure:4850: checking for a BSD-compatible install
configure:4924: result: /usr/bin/install -c
configure:4951: checking for python3
configure:4972: found /usr/bin/python3
configure:4984: result: python3
configure:5002: checking for gmake
configure:5025: found /usr/bin/gmake
configure:5038: result: /usr/bin/gmake
configure:5085: checking for doxygen
configure:5125: result: no
configure:5145: checking checking for executable suffix
configure:5152: result: 
configure:5158: checking whether strict compiling is on
configure:5176: result: yes
configure:5217: checking for stdio.h
configure:5217: cc -c -fPIC -std=c11 -Wall -pedantic -Wshadow -Wpointer-arith -Wmissing-prototypes -Wwrite-strings  conftest.c >&5
configure:5217: $? = 0
configure:5217: result: yes
configure:5217: checking for stdlib.h
configure:5217: cc -c -fPIC -std=c11 -Wall -pedantic -Wshadow -Wpointer-arith -Wmissing-prototypes -Wwrite-strings  conftest.c >&5
configure:5217: $? = 0
configure:5217: result: yes
configure:5217: checking for string.h
configure:5217: cc -c -fPIC -std=c11 -Wall -pedantic -Wshadow -Wpointer-arith -Wmissing-prototypes -Wwrite-strings  conftest.c >&5
configure:5217: $? = 0
configure:5217: result: yes
configure:5217: checking for inttypes.h
configure:5217: cc -c -fPIC -std=c11 -Wall -pedantic -Wshadow -Wpointer-arith -Wmissing-prototypes -Wwrite-strings  conftest.c >&5
configure:5217: $? = 0
configure:5217: result: yes
configure:5217: checking for stdint.h
configure:5217: cc -c -fPIC -std=c11 -Wall -pedantic -Wshadow -Wpointer-arith -Wmissing-prototypes -Wwrite-strings  conftest.c >&5
configure:5217: $? = 0
configure:5217: result: yes
configure:5217: checking for strings.h
configure:5217: cc -c -fPIC -std=c11 -Wall -pedantic -Wshadow -Wpointer-arith -Wmissing-prototypes -Wwrite-strings  conftest.c >&5
configure:5217: $? = 0
configure:5217: result: yes
configure:5217: checking for sys/stat.h
configure:5217: cc -c -fPIC -std=c11 -Wall -pedantic -Wshadow -Wpointer-arith -Wmissing-prototypes -Wwrite-strings  conftest.c >&5
configure:5217: $? = 0
configure:5217: result: yes
configure:5217: checking for sys/types.h
configure:5217: cc -c -fPIC -std=c11 -Wall -pedantic -Wshadow -Wpointer-arith -Wmissing-prototypes -Wwrite-strings  conftest.c >&5
configure:5217: $? = 0
configure:5217: result: yes
configure:5217: checking for unistd.h
configure:5217: cc -c -fPIC -std=c11 -Wall -pedantic -Wshadow -Wpointer-arith -Wmissing-prototypes -Wwrite-strings  conftest.c >&5
configure:5217: $? = 0
configure:5217: result: yes
configure:5281: checking size of void *
configure:5287: cc -o conftest -fPIC -std=c11 -Wall -pedantic -Wshadow -Wpointer-arith -Wmissing-prototypes -Wwrite-strings   conftest.c  >&5
configure:5287: $? = 0
configure:5287: ./conftest
configure:5287: $? = 0
configure:5304: result: 8
configure:5312: checking whether runnable 64 bit binaries are built by default
configure:5369: result: yes
configure:5741: checking which Makefile fragment to use for x86_64-pc-linux-gnu
configure:5842: result: mh-linux
configure:5899: checking for floor in -lm
configure:5928: cc -o conftest -fPIC -std=c11 -Wall -pedantic -Wshadow -Wpointer-arith -Wmissing-prototypes -Wwrite-strings   conftest.c -lm   >&5
conftest.c:30:6: warning: conflicting types for built-in function 'floor'; expected 'double(double)' [-Wbuiltin-declaration-mismatch]
   30 | char floor (void);
      |      ^~~~~
conftest.c:1:1: note: 'floor' is declared in header '<math.h>'
    1 | /* confdefs.h */
configure:5928: $? = 0
configure:5940: result: yes
configure:5955: checking whether to build shared libraries
configure:5972: result: yes
configure:5977: checking whether to build static libraries
configure:5990: result: yes
configure:6048: checking whether to enable auto cleanup of libraries
configure:6064: result: no
configure:6069: checking whether to enable draft APIs
configure:6084: result: yes
configure:6141: checking for ranlib
configure:6162: found /usr/bin/ranlib
configure:6174: result: ranlib
configure:6198: checking for a sed that does not truncate output
configure:6270: result: /usr/bin/sed
configure:6326: checking for ar
configure:6347: found /usr/bin/ar
configure:6359: result: ar
configure:6382: checking whether to enable renaming of symbols
configure:6398: result: yes
configure:6402: checking whether to enable function and data tracing
configure:6418: result: no
configure:6423: checking for elf.h
configure:6423: cc -c -fPIC -std=c11 -Wall -pedantic -Wshadow -Wpointer-arith -Wmissing-prototypes -Wwrite-strings  conftest.c >&5
configure:6423: $? = 0
configure:6423: result: yes
configure:6465: checking whether to enable dynamic loading of plugins. Ignored if plugins disabled.
configure:6484: result: yes
configure:6489: checking for dlfcn.h
configure:6489: cc -c -fPIC -std=c11 -Wall -pedantic -Wshadow -Wpointer-arith -Wmissing-prototypes -Wwrite-strings  conftest.c >&5
configure:6489: $? = 0
configure:6489: result: yes
configure:6497: checking for library containing dlopen
configure:6533: cc -o conftest -fPIC -std=c11 -Wall -pedantic -Wshadow -Wpointer-arith -Wmissing-prototypes -Wwrite-strings   conftest.c -lm  >&5
configure:6533: $? = 0
configure:6555: result: none required
configure:6564: checking for dlopen
configure:6564: cc -o conftest -fPIC -std=c11 -Wall -pedantic -Wshadow -Wpointer-arith -Wmissing-prototypes -Wwrite-strings   conftest.c -lm  >&5
configure:6564: $? = 0
configure:6564: result: yes
configure:6580: checking for gettimeofday
configure:6580: cc -o conftest -fPIC -std=c11 -Wall -pedantic -Wshadow -Wpointer-arith -Wmissing-prototypes -Wwrite-strings   conftest.c -lm  >&5
configure:6580: $? = 0
configure:6580: result: yes
configure:6614: checking if we have a C++ compiler
configure:6628: c++ -c -fPIC -W -Wall -pedantic -Wpointer-arith -Wwrite-strings -Wno-long-long  conftest.cpp >&5
configure:6628: $? = 0
configure:6638: result: Good
configure:6652: checking if we have a C++17 compiler
configure:6665: c++ -c -fPIC -W -Wall -pedantic -Wpointer-arith -Wwrite-strings -Wno-long-long -std=c++17  conftest.cpp >&5
configure:6665: $? = 0
configure:6673: result: yes
configure:6676: Adding CXXFLAGS option -std=c++17
configure:6701: checking for pthread_attr_init in -lpthread
configure:6730: cc -o conftest -fPIC -std=c11 -Wall -pedantic -Wshadow -Wpointer-arith -Wmissing-prototypes -Wwrite-strings   conftest.c -lpthread  -lm  >&5
configure:6730: $? = 0
configure:6742: result: yes
configure:6963: checking for mmap
configure:6983: cc -o conftest -fPIC -std=c11 -Wall -pedantic -Wshadow -Wpointer-arith -Wmissing-prototypes -Wwrite-strings   conftest.c -lpthread -lm  >&5
configure:6983: $? = 0
configure:6995: result: yes
configure:7005: checking for genccode assembly
configure:7042: result: -a gcc
configure:7048: checking for dirent.h
configure:7048: cc -c -fPIC -std=c11 -Wall -pedantic -Wshadow -Wpointer-arith -Wmissing-prototypes -Wwrite-strings  conftest.c >&5
configure:7048: $? = 0
configure:7048: result: yes
configure:7065: checking whether byte ordering is bigendian
configure:7081: cc -c -fPIC -std=c11 -Wall -pedantic -Wshadow -Wpointer-arith -Wmissing-prototypes -Wwrite-strings  conftest.c >&5
conftest.c:28:16: error: unknown type name 'not'
   28 |                not a universal capable compiler
      |                ^~~
conftest.c:28:22: error: expected '=', ',', ';', 'asm' or '__attribute__' before 'universal'
   28 |                not a universal capable compiler
      |                      ^~~~~~~~~
conftest.c:28:22: error: unknown type name 'universal'
configure:7081: $? = 1
configure: failed program was:
| /* confdefs.h */
| #define PACKAGE_NAME "ICU"
| #define PACKAGE_TARNAME "icu4c"
| #define PACKAGE_VERSION "78.1"
| #define PACKAGE_STRING "ICU 78.1"
| #define PACKAGE_BUGREPORT "https://icu.unicode.org/bugs"
| #define PACKAGE_URL "https://icu.unicode.org/"
| #define HAVE_STDIO_H 1
| #define HAVE_STDLIB_H 1
| #define HAVE_STRING_H 1
| #define HAVE_INTTYPES_H 1
| #define HAVE_STDINT_H 1
| #define HAVE_STRINGS_H 1
| #define HAVE_SYS_STAT_H 1
| #define HAVE_SYS_TYPES_H 1
| #define HAVE_UNISTD_H 1
| #define STDC_HEADERS 1
| #define SIZEOF_VOID_P 8
| #define HAVE_LIBM 1
| #define HAVE_ELF_H 1
| #define HAVE_DLFCN_H 1
| #define HAVE_DLOPEN 1
| #define HAVE_GETTIMEOFDAY 1
| #define HAVE_LIBPTHREAD 1
| #define HAVE_DIRENT_H 1
| /* end confdefs.h.  */
| #ifndef __APPLE_CC__
| 	       not a universal capable compiler
| 	     #endif
| 	     typedef int dummy;
| 
configure:7127: cc -c -fPIC -std=c11 -Wall -pedantic -Wshadow -Wpointer-arith -Wmissing-prototypes -Wwrite-strings  conftest.c >&5
conftest.c: In function 'main':
conftest.c:36:15: error: unknown type name 'bogus'
   36 |               bogus endian macros
      |               ^~~~~
conftest.c:36:28: error: expected '=', ',', ';', 'asm' or '__attribute__' before 'macros'
   36 |               bogus endian macros
      |                            ^~~~~~
configure:7127: $? = 1
configure: failed program was:
| /* confdefs.h */
| #define PACKAGE_NAME "ICU"
| #define PACKAGE_TARNAME "icu4c"
| #define PACKAGE_VERSION "78.1"
| #define PACKAGE_STRING "ICU 78.1"
| #define PACKAGE_BUGREPORT "https://icu.unicode.org/bugs"
| #define PACKAGE_URL "https://icu.unicode.org/"
| #define HAVE_STDIO_H 1
| #define HAVE_STDLIB_H 1
| #define HAVE_STRING_H 1
| #define HAVE_INTTYPES_H 1
| #define HAVE_STDINT_H 1
| #define HAVE_STRINGS_H 1
| #define HAVE_SYS_STAT_H 1
| #define HAVE_SYS_TYPES_H 1
| #define HAVE_UNISTD_H 1
| #define STDC_HEADERS 1
| #define SIZEOF_VOID_P 8
| #define HAVE_LIBM 1
| #define HAVE_ELF_H 1
| #define HAVE_DLFCN_H 1
| #define HAVE_DLOPEN 1
| #define HAVE_GETTIMEOFDAY 1
| #define HAVE_LIBPTHREAD 1
| #define HAVE_DIRENT_H 1
| /* end confdefs.h.  */
| #include <sys/types.h>
| 	     #include <sys/param.h>
| 
| int
| main (void)
| {
| #if ! (defined BYTE_ORDER && defined BIG_ENDIAN \
| 		     && defined LITTLE_ENDIAN && BYTE_ORDER && BIG_ENDIAN \
| 		     && LITTLE_ENDIAN)
| 	      bogus endian macros
| 	     #endif
| 
|   ;
|   return 0;
| }
configure:7174: cc -c -fPIC -std=c11 -Wall -pedantic -Wshadow -Wpointer-arith -Wmissing-prototypes -Wwrite-strings  conftest.c >&5
conftest.c: In function 'main':
conftest.c:33:15: error: unknown type name 'bogus'
   33 |               bogus endian macros
      |               ^~~~~
conftest.c:33:28: error: expected '=', ',', ';', 'asm' or '__attribute__' before 'macros'
   33 |               bogus endian macros
      |                            ^~~~~~
configure:7174: $? = 1
configure: failed program was:
| /* confdefs.h */
| #define PACKAGE_NAME "ICU"
| #define PACKAGE_TARNAME "icu4c"
| #define PACKAGE_VERSION "78.1"
| #define PACKAGE_STRING "ICU 78.1"
| #define PACKAGE_BUGREPORT "https://icu.unicode.org/bugs"
| #define PACKAGE_URL "https://icu.unicode.org/"
| #define HAVE_STDIO_H 1
| #define HAVE_STDLIB_H 1
| #define HAVE_STRING_H 1
| #define HAVE_INTTYPES_H 1
| #define HAVE_STDINT_H 1
| #define HAVE_STRINGS_H 1
| #define HAVE_SYS_STAT_H 1
| #define HAVE_SYS_TYPES_H 1
| #define HAVE_UNISTD_H 1
| #define STDC_HEADERS 1
| #define SIZEOF_VOID_P 8
| #define HAVE_LIBM 1
| #define HAVE_ELF_H 1
| #define HAVE_DLFCN_H 1
| #define HAVE_DLOPEN 1
| #define HAVE_GETTIMEOFDAY 1
| #define HAVE_LIBPTHREAD 1
| #define HAVE_DIRENT_H 1
| /* end confdefs.h.  */
| #include <limits.h>
| 
| int
| main (void)
| {
| #if ! (defined _LITTLE_ENDIAN || defined _BIG_ENDIAN)
| 	      bogus endian macros
| 	     #endif
| 
|   ;
|   return 0;
| }
configure:7272: cc -o conftest -fPIC -std=c11 -Wall -pedantic -Wshadow -Wpointer-arith -Wmissing-prototypes -Wwrite-strings   conftest.c -lpthread -lm  >&5
configure:7272: $? = 0
configure:7272: ./conftest
configure:7272: $? = 0
configure:7287: result: no
configure:7313: checking for nl_langinfo
configure:7313: cc -o conftest -fPIC -std=c11 -Wall -pedantic -Wshadow -Wpointer-arith -Wmissing-prototypes -Wwrite-strings   conftest.c -lpthread -lm  >&5
configure:7313: $? = 0
configure:7313: result: yes
configure:7323: checking for nl_langinfo's argument to obtain the codeset
configure:7342: cc -o conftest -fPIC -std=c11 -Wall -pedantic -Wshadow -Wpointer-arith -Wmissing-prototypes -Wwrite-strings   conftest.c -lpthread -lm  >&5
configure:7342: $? = 0
configure:7351: result: CODESET
configure:7374: checking for popen
configure:7374: cc -o conftest -fPIC -std=c11 -Wall -pedantic -Wshadow -Wpointer-arith -Wmissing-prototypes -Wwrite-strings   conftest.c -lpthread -lm  >&5
configure:7374: $? = 0
configure:7374: result: yes
configure:7389: checking for tzset
configure:7389: cc -o conftest -fPIC -std=c11 -Wall -pedantic -Wshadow -Wpointer-arith -Wmissing-prototypes -Wwrite-strings   conftest.c -lpthread -lm  >&5
configure:7389: $? = 0
configure:7389: result: yes
configure:7419: checking for tzname
configure:7443: cc -o conftest -fPIC -std=c11 -Wall -pedantic -Wshadow -Wpointer-arith -Wmissing-prototypes -Wwrite-strings   conftest.c -lpthread -lm  >&5
conftest.c: In function 'main':
conftest.c:38:1: warning: statement with no effect [-Wunused-value]
   38 | atoi(*tzname);
      | ^~~~~~~~~~~~~
configure:7443: $? = 0
configure:7454: result: yes
configure:7502: checking for timezone
configure:7523: cc -o conftest -fPIC -std=c11 -Wall -pedantic -Wshadow -Wpointer-arith -Wmissing-prototypes -Wwrite-strings   conftest.c -lpthread -lm  >&5
configure:7523: $? = 0
configure:7534: result: yes
configure:7617: checking for wchar.h
configure:7617: cc -c -fPIC -std=c11 -Wall -pedantic -Wshadow -Wpointer-arith -Wmissing-prototypes -Wwrite-strings  conftest.c >&5
configure:7617: $? = 0
configure:7617: result: yes
configure:7634: checking for library containing wcscpy
configure:7670: cc -o conftest -fPIC -std=c11 -Wall -pedantic -Wshadow -Wpointer-arith -Wmissing-prototypes -Wwrite-strings   conftest.c -lpthread -lm  >&5
configure:7670: $? = 0
configure:7692: result: none required
configure:7715: checking size of wchar_t
configure:7721: cc -o conftest -fPIC -std=c11 -Wall -pedantic -Wshadow -Wpointer-arith -Wmissing-prototypes -Wwrite-strings   conftest.c -lpthread -lm  >&5
configure:7721: $? = 0
configure:7721: ./conftest
configure:7721: $? = 0
configure:7747: result: 4
configure:7763: checking for UTF-16 string literal support
configure:7875: cc -c -fPIC -std=c11 -Wall -pedantic -Wshadow -Wpointer-arith -Wmissing-prototypes -Wwrite-strings  conftest.c >&5
conftest.c:30:29: warning: 'test' defined but not used [-Wunused-const-variable=]
   30 | static const unsigned short test[] = u"This is a UTF16 literal string.";
      |                             ^~~~
configure:7875: $? = 0
configure:7908: c++ -c -fPIC -W -Wall -pedantic -Wpointer-arith -Wwrite-strings -Wno-long-long -std=c++17  conftest.cpp >&5
configure:7908: $? = 0
configure:7931: result: available
configure:8151: checking for a library suffix to use
configure:8167: result: none
configure:8444: creating ./config.status

## ---------------------- ##
## Running config.status. ##
## ---------------------- ##

This file was extended by ICU config.status 78.1, which was
generated by GNU Autoconf 2.72.  Invocation command line was

  CONFIG_FILES    = 
  CONFIG_HEADERS  = 
  CONFIG_LINKS    = 
  CONFIG_COMMANDS = 
  $ ./config.status 

on davidoro-acer

config.status:881: creating icudefs.mk
config.status:881: creating Makefile
config.status:881: creating data/pkgdataMakefile
config.status:881: creating config/Makefile.inc
config.status:881: creating config/icu.pc
config.status:881: creating config/pkgdataMakefile
config.status:881: creating data/Makefile
config.status:881: creating stubdata/Makefile
config.status:881: creating common/Makefile
config.status:881: creating i18n/Makefile
config.status:881: creating layoutex/Makefile
config.status:881: creating io/Makefile
config.status:881: creating extra/Makefile
config.status:881: creating extra/uconv/Makefile
config.status:881: creating extra/uconv/pkgdataMakefile
config.status:881: creating extra/scrptrun/Makefile
config.status:881: creating tools/Makefile
config.status:881: creating tools/ctestfw/Makefile
config.status:881: creating tools/toolutil/Makefile
config.status:881: creating tools/makeconv/Makefile
config.status:881: creating tools/genrb/Makefile
config.status:881: creating tools/genccode/Makefile
config.status:881: creating tools/gencmn/Makefile
config.status:881: creating tools/gencnval/Makefile
config.status:881: creating tools/gendict/Makefile
config.status:881: creating tools/gentest/Makefile
config.status:881: creating tools/gennorm2/Makefile
config.status:881: creating tools/genbrk/Makefile
config.status:881: creating tools/gensprep/Makefile
config.status:881: creating tools/icuinfo/Makefile
config.status:881: creating tools/icupkg/Makefile
config.status:881: creating tools/icuswap/Makefile
config.status:881: creating tools/pkgdata/Makefile
config.status:881: creating tools/icuexportdata/Makefile
config.status:881: creating tools/tzcode/Makefile
config.status:881: creating tools/gencfu/Makefile
config.status:881: creating tools/escapesrc/Makefile
config.status:881: creating test/Makefile
config.status:881: creating test/compat/Makefile
config.status:881: creating test/testdata/Makefile
config.status:881: creating test/testdata/pkgdataMakefile
config.status:881: creating test/hdrtst/Makefile
config.status:881: creating test/intltest/Makefile
config.status:881: creating test/cintltst/Makefile
config.status:881: creating test/iotest/Makefile
config.status:881: creating test/letest/Makefile
config.status:881: creating test/perf/Makefile
config.status:881: creating test/perf/collationperf/Makefile
config.status:881: creating test/perf/collperf/Makefile
config.status:881: creating test/perf/collperf2/Makefile
config.status:881: creating test/perf/dicttrieperf/Makefile
config.status:881: creating test/perf/ubrkperf/Makefile
config.status:881: creating test/perf/charperf/Makefile
config.status:881: creating test/perf/convperf/Makefile
config.status:881: creating test/perf/localecanperf/Makefile
config.status:881: creating test/perf/normperf/Makefile
config.status:881: creating test/perf/DateFmtPerf/Makefile
config.status:881: creating test/perf/howExpensiveIs/Makefile
config.status:881: creating test/perf/strsrchperf/Makefile
config.status:881: creating test/perf/unisetperf/Makefile
config.status:881: creating test/perf/usetperf/Makefile
config.status:881: creating test/perf/ustrperf/Makefile
config.status:881: creating test/perf/utfperf/Makefile
config.status:881: creating test/perf/utrie2perf/Makefile
config.status:881: creating test/fuzzer/Makefile
config.status:881: creating samples/Makefile
configure:9574: checking the version of "/usr/bin/gmake"
configure:9577: result: ok

## ---------------- ##
## Cache variables. ##
## ---------------- ##

ac_cv_build=x86_64-pc-linux-gnu
ac_cv_c_bigendian=no
ac_cv_c_compiler_gnu=yes
ac_cv_cxx_compiler_gnu=yes
ac_cv_env_CCC_set=
ac_cv_env_CCC_value=
ac_cv_env_CC_set=
ac_cv_env_CC_value=
ac_cv_env_CFLAGS_set=set
ac_cv_env_CFLAGS_value=-fPIC
ac_cv_env_CPPFLAGS_set=
ac_cv_env_CPPFLAGS_value=
ac_cv_env_CPP_set=
ac_cv_env_CPP_value=
ac_cv_env_CXXFLAGS_set=set
ac_cv_env_CXXFLAGS_value=-fPIC
ac_cv_env_CXX_set=
ac_cv_env_CXX_value=
ac_cv_env_ICULEHB_CFLAGS_set=
ac_cv_env_ICULEHB_CFLAGS_value=
ac_cv_env_ICULEHB_LIBS_set=
ac_cv_env_ICULEHB_LIBS_value=
ac_cv_env_LDFLAGS_set=
ac_cv_env_LDFLAGS_value=
ac_cv_env_LIBS_set=
ac_cv_env_LIBS_value=
ac_cv_env_PKG_CONFIG_LIBDIR_set=
ac_cv_env_PKG_CONFIG_LIBDIR_value=
ac_cv_env_PKG_CONFIG_PATH_set=
ac_cv_env_PKG_CONFIG_PATH_value=
ac_cv_env_PKG_CONFIG_set=
ac_cv_env_PKG_CONFIG_value=
ac_cv_env_build_alias_set=
ac_cv_env_build_alias_value=
ac_cv_env_host_alias_set=
ac_cv_env_host_alias_value=
ac_cv_env_target_alias_set=
ac_cv_env_target_alias_value=
ac_cv_func_dlopen=yes
ac_cv_func_gettimeofday=yes
ac_cv_func_mmap_ok=yes
ac_cv_func_nl_langinfo=yes
ac_cv_func_popen=yes
ac_cv_func_tzset=yes
ac_cv_header_dirent_h=yes
ac_cv_header_dlfcn_h=yes
ac_cv_header_elf_h=yes
ac_cv_header_inttypes_h=yes
ac_cv_header_stdint_h=yes
ac_cv_header_stdio_h=yes
ac_cv_header_stdlib_h=yes
ac_cv_header_string_h=yes
ac_cv_header_strings_h=yes
ac_cv_header_sys_stat_h=yes
ac_cv_header_sys_types_h=yes
ac_cv_header_unistd_h=yes
ac_cv_header_wchar_h=yes
ac_cv_host=x86_64-pc-linux-gnu
ac_cv_lib_m_floor=yes
ac_cv_lib_pthread_pthread_attr_init=yes
ac_cv_nl_langinfo_codeset=CODESET
ac_cv_objext=o
ac_cv_path_SED=/usr/bin/sed
ac_cv_path_U_MAKE=/usr/bin/gmake
ac_cv_path_ac_pt_PKG_CONFIG=/usr/bin/pkg-config
ac_cv_path_install='/usr/bin/install -c'
ac_cv_prog_CPP='cc -E'
ac_cv_prog_PYTHON=python3
ac_cv_prog_ac_ct_AR=ar
ac_cv_prog_ac_ct_CC=cc
ac_cv_prog_ac_ct_CXX=c++
ac_cv_prog_ac_ct_RANLIB=ranlib
ac_cv_prog_cc_c11=
ac_cv_prog_cc_g=yes
ac_cv_prog_cc_stdc=
ac_cv_prog_cxx_cxx11=
ac_cv_prog_cxx_g=yes
ac_cv_prog_cxx_stdcxx=
ac_cv_search_dlopen='none required'
ac_cv_search_wcscpy='none required'
ac_cv_sizeof_void_p=8
ac_cv_sizeof_wchar_t=4
ac_cv_var_timezone=yes
ac_cv_var_tzname=yes
icu_cv_host_frag=mh-linux

## ----------------- ##
## Output variables. ##
## ----------------- ##

AR='ar'
ARFLAGS=''
CC='cc'
CFLAGS='-fPIC -std=c11 -Wall -pedantic -Wshadow -Wpointer-arith -Wmissing-prototypes -Wwrite-strings $(THREADSCFLAGS) '
COMPILE_LINK_ENVVAR=''
CPP='cc -E'
CPPFLAGS=' $(THREADSCPPFLAGS)  -DU_HAVE_ELF_H=1 '
CXX='c++'
CXXFLAGS='-fPIC -W -Wall -pedantic -Wpointer-arith -Wwrite-strings -Wno-long-long -std=c++17 $(THREADSCXXFLAGS) '
DATA_PACKAGING_MODE='dll'
DATA_TRUE=''
DEFS='-DPACKAGE_NAME=\"ICU\" -DPACKAGE_TARNAME=\"icu4c\" -DPACKAGE_VERSION=\"78.1\" -DPACKAGE_STRING=\"ICU\ 78.1\" -DPACKAGE_BUGREPORT=\"https://icu.unicode.org/bugs\" -DPACKAGE_URL=\"https://icu.unicode.org/\" -DHAVE_STDIO_H=1 -DHAVE_STDLIB_H=1 -DHAVE_STRING_H=1 -DHAVE_INTTYPES_H=1 -DHAVE_STDINT_H=1 -DHAVE_STRINGS_H=1 -DHAVE_SYS_STAT_H=1 -DHAVE_SYS_TYPES_H=1 -DHAVE_UNISTD_H=1 -DSTDC_HEADERS=1 -DSIZEOF_VOID_P=8 -DHAVE_LIBM=1 -DHAVE_ELF_H=1 -DHAVE_DLFCN_H=1 -DHAVE_DLOPEN=1 -DHAVE_GETTIMEOFDAY=1 -DHAVE_LIBPTHREAD=1 -DHAVE_DIRENT_H=1 -DHAVE_WCHAR_H=1 -DSIZEOF_WCHAR_T=4'
DOXYGEN=''
ECHO_C=''
ECHO_N='-n'
ECHO_T=''
ENABLE_DEBUG='0'
ENABLE_RELEASE='1'
ENABLE_RPATH='NO'
ENABLE_SHARED='YES'
ENABLE_STATIC='YES'
EXEEXT=''
EXTRAS_TRUE=''
FUZZER_TRUE='#'
GENCCODE_ASSEMBLY='-a gcc'
HAVE_MMAP='1'
ICUDATA_CHAR='l'
ICUIO_TRUE=''
ICULEHB_CFLAGS=''
ICULEHB_LIBS=''
ICULIBSUFFIX=''
ICULIBSUFFIXCNAME=''
INSTALL_DATA='${INSTALL} -m 644'
INSTALL_ICU_CONFIG='true'
INSTALL_PROGRAM='${INSTALL}'
INSTALL_SCRIPT='${INSTALL}'
LAYOUTEX_TRUE='#'
LDFLAGS=''
LIBCFLAGS=''
LIBCXXFLAGS=''
LIBOBJS=''
LIBS='-lpthread -lm '
LIB_M=''
LIB_THREAD=''
LIB_VERSION='78.1'
LIB_VERSION_MAJOR='78'
LTLIBOBJS=''
OBJEXT='o'
PACKAGE='icu'
PACKAGE_BUGREPORT='https://icu.unicode.org/bugs'
PACKAGE_NAME='ICU'
PACKAGE_STRING='ICU 78.1'
PACKAGE_TARNAME='icu4c'
PACKAGE_URL='https://icu.unicode.org/'
PACKAGE_VERSION='78.1'
PATH_SEPARATOR=':'
PKG_CONFIG='/usr/bin/pkg-config'
PKG_CONFIG_LIBDIR=''
PKG_CONFIG_PATH=''
PLUGINS_TRUE='#'
PYTHON='python3'
RANLIB='ranlib'
SAMPLES_TRUE=''
SED='/usr/bin/sed'
SHELL='/bin/bash'
TESTS_TRUE=''
TOOLS_TRUE=''
UCLN_NO_AUTO_CLEANUP='1'
UCONFIG_CFLAGS=' -std=c11'
UCONFIG_CPPFLAGS=''
UCONFIG_CXXFLAGS=' -std=c++17'
UNICODE_VERSION='17.0'
U_DEFAULT_SHOW_DRAFT='1'
U_DISABLE_RENAMING='0'
U_ENABLE_DYLOAD='1'
U_ENABLE_TRACING='0'
U_HAVE_DATA='1'
U_HAVE_DIRENT_H='1'
U_HAVE_EXTRAS='1'
U_HAVE_FUZZER='0'
U_HAVE_ICUIO='1'
U_HAVE_LAYOUTEX='0'
U_HAVE_LIB_SUFFIX='0'
U_HAVE_NL_LANGINFO_CODESET='1'
U_HAVE_PLUGINS='0'
U_HAVE_POPEN='1'
U_HAVE_SAMPLES='1'
U_HAVE_TESTS='1'
U_HAVE_TIMEZONE='1'
U_HAVE_TOOLS='1'
U_HAVE_TZNAME='1'
U_HAVE_TZSET='1'
U_HAVE_WCHAR_H='1'
U_HAVE_WCSCPY='1'
U_IS_BIG_ENDIAN='0'
U_MAKE='/usr/bin/gmake'
U_NL_LANGINFO_CODESET='CODESET'
U_TIMEZONE='timezone'
U_TZNAME='tzname'
U_TZSET='tzset'
VERSION='78.1'
ac_ct_CC='cc'
ac_ct_CXX='c++'
bindir='${exec_prefix}/bin'
build='x86_64-pc-linux-gnu'
build_alias=''
build_cpu='x86_64'
build_os='linux-gnu'
build_vendor='pc'
cross_buildroot=''
cross_compiling='no'
datadir='${datarootdir}'
datarootdir='${prefix}/share'
docdir='${datarootdir}/doc/${PACKAGE_TARNAME}'
dvidir='${docdir}'
exec_prefix='${prefix}'
host='x86_64-pc-linux-gnu'
host_alias=''
host_cpu='x86_64'
host_os='linux-gnu'
host_vendor='pc'
htmldir='${docdir}'
includedir='${prefix}/include'
infodir='${datarootdir}/info'
libdir='${exec_prefix}/lib'
libexecdir='${exec_prefix}/libexec'
localedir='${datarootdir}/locale'
localstatedir='${prefix}/var'
mandir='${datarootdir}/man'
oldincludedir='/usr/include'
pdfdir='${docdir}'
pkgicudatadir='${datarootdir}'
platform='U_LINUX'
platform_make_fragment='$(top_srcdir)/config/mh-linux'
platform_make_fragment_name='mh-linux'
prefix='/home/davidoro/projects/Lit.jl/net-layer/third/icu-release-78.1/../../../local/build/icu-release-78.1'
program_transform_name='s,x,x,'
psdir='${docdir}'
runstatedir='${localstatedir}/run'
sbindir='${exec_prefix}/sbin'
sharedstatedir='${prefix}/com'
sysconfdir='${prefix}/etc'
target_alias=''
thepkgicudatadir='${prefix}/share'

## ----------- ##
## confdefs.h. ##
## ----------- ##

/* confdefs.h */
#define PACKAGE_NAME "ICU"
#define PACKAGE_TARNAME "icu4c"
#define PACKAGE_VERSION "78.1"
#define PACKAGE_STRING "ICU 78.1"
#define PACKAGE_BUGREPORT "https://icu.unicode.org/bugs"
#define PACKAGE_URL "https://icu.unicode.org/"
#define HAVE_STDIO_H 1
#define HAVE_STDLIB_H 1
#define HAVE_STRING_H 1
#define HAVE_INTTYPES_H 1
#define HAVE_STDINT_H 1
#define HAVE_STRINGS_H 1
#define HAVE_SYS_STAT_H 1
#define HAVE_SYS_TYPES_H 1
#define HAVE_UNISTD_H 1
#define STDC_HEADERS 1
#define SIZEOF_VOID_P 8
#define HAVE_LIBM 1
#define HAVE_ELF_H 1
#define HAVE_DLFCN_H 1
#define HAVE_DLOPEN 1
#define HAVE_GETTIMEOFDAY 1
#define HAVE_LIBPTHREAD 1
#define HAVE_DIRENT_H 1
#define HAVE_WCHAR_H 1
#define SIZEOF_WCHAR_T 4

configure: exit 0

## ---------------------- ##
## Running config.status. ##
## ---------------------- ##

This file was extended by ICU config.status 78.1, which was
generated by GNU Autoconf 2.72.  Invocation command line was

  CONFIG_FILES    = extra/uconv/uconv.1
  CONFIG_HEADERS  = 
  CONFIG_LINKS    = 
  CONFIG_COMMANDS = 
  $ ./config.status 

on davidoro-acer

config.status:881: creating extra/uconv/uconv.1
